1 FOR7
2 A2D11
3 ARR10
4 IF1
5 IE2
6 A2D9
7 IE8
8 S11
9 HK2
10 SH6
11 MOD1
12 STR1
13 A2D13
14 SH2
15 AF3
16 IF2
17 CA1
18 IE6
19 S6
20 A2D14
21 S9
22 SH1
23 HH1
24 S3FOR6
25 LOOP10
26 ITOA
27 A2D4
28 S4
29 A2D3
30 AR6
31 ARR12
32 IE5
33 SH5
34 CAL4
35 CAЗ
36 IF6
37 LOOP4
38 CA6
39 A2D10
40 CA5
41 FOR5
42 ARR9
43 A2D7
44 FOR4
45 CAL8
46 Td007
47 S8
48 S5
49 ARR11
50 LOOP6
51 CA9
52 FOR3
53 CA8
54 AMUB1
55 FOR10
56 LOOP5
57 HK3
58 CSC
59 AF4
60 IE3
61 ARR8
62 SH3
63 LOOP8
64 LOOP11
65 CAL7
66 CAL9
67 IE10
68 ARR6
69 IF7
70 EZCAL
71 A2D5
72 A2D6
73 SH7
74 IF5
75 CAL6
76 SH10
77 HH4
78 ARR7
79 CHIATAO
80 IF3
81 FOR2
82 A2D12
83 SH4
84 FOR8
85 AF2
86 HK4
87 IE4
88 LOOP3
89 LOOP7
90 HH3
91 HH2
92 AR10
93 CA7
94 CA4
95 AF1
96 LOOP2
97 A2D8
98 IE7
99 AF5
100 FOR9
101 57
102 IE9
103 AF11
104 AF6
105 CAL5
106 6HS
107 MOD2
108 LOOP9
109 HK1
110 IF4
